# JRE version: Java(TM) SE Runtime Environment (8.0_144-b01) (build 1.8.0_144-b01)
# Java VM: Java HotSpot(TM) 64-Bit Server VM (25.144-b01 mixed mode windows-amd64 compressed oops)
Heap:
 PSYoungGen      total 165888K, used 9137K [0x00000000d6000000, 0x00000000e1100000, 0x0000000100000000)
  eden space 152064K, 5% used [0x00000000d6000000,0x00000000d67f0648,0x00000000df480000)
  from space 13824K, 7% used [0x00000000e0280000,0x00000000e037c008,0x00000000e1000000)
  to   space 14336K, 0% used [0x00000000df480000,0x00000000df480000,0x00000000e0280000)
 ParOldGen       total 66048K, used 27376K [0x0000000082000000, 0x0000000086080000, 0x00000000d6000000)
  object space 66048K, 41% used [0x0000000082000000,0x0000000083abc138,0x0000000086080000)
 Metaspace       used 32062K, capacity 33872K, committed 34176K, reserved 1079296K
  class space    used 4340K, capacity 4689K, committed 4736K, reserved 1048576K
GC Heap History (10 events):
Event: 10.556 GC heap before
{Heap before GC invocations=5 (full 1):
 PSYoungGen      total 37888K, used 37869K [0x00000000d6000000, 0x00000000da580000, 0x0000000100000000)
  eden space 32768K, 99% used [0x00000000d6000000,0x00000000d7ffbbc0,0x00000000d8000000)
  from space 5120K, 99% used [0x00000000d8000000,0x00000000d84ffc30,0x00000000d8500000)
  to   space 5120K, 0% used [0x00000000da080000,0x00000000da080000,0x00000000da580000)
 ParOldGen       total 66048K, used 15084K [0x0000000082000000, 0x0000000086080000, 0x00000000d6000000)
  object space 66048K, 22% used [0x0000000082000000,0x0000000082ebb0d8,0x0000000086080000)
 Metaspace       used 31526K, capacity 33344K, committed 33664K, reserved 1079296K
  class space    used 4296K, capacity 4647K, committed 4736K, reserved 1048576K
Event: 10.574 GC heap after
Heap after GC invocations=5 (full 1):
 PSYoungGen      total 49664K, used 5112K [0x00000000d6000000, 0x00000000da580000, 0x0000000100000000)
  eden space 44544K, 0% used [0x00000000d6000000,0x00000000d6000000,0x00000000d8b80000)
  from space 5120K, 99% used [0x00000000da080000,0x00000000da57e140,0x00000000da580000)
  to   space 5120K, 0% used [0x00000000d9b80000,0x00000000d9b80000,0x00000000da080000)
 ParOldGen       total 66048K, used 22286K [0x0000000082000000, 0x0000000086080000, 0x00000000d6000000)
  object space 66048K, 33% used [0x0000000082000000,0x00000000835c3a48,0x0000000086080000)
 Metaspace       used 31526K, capacity 33344K, committed 33664K, reserved 1079296K
  class space    used 4296K, capacity 4647K, committed 4736K, reserved 1048576K
}
Event: 10.611 GC heap before
{Heap before GC invocations=6 (full 1):
 PSYoungGen      total 49664K, used 49624K [0x00000000d6000000, 0x00000000da580000, 0x0000000100000000)
  eden space 44544K, 99% used [0x00000000d6000000,0x00000000d8b77f60,0x00000000d8b80000)
  from space 5120K, 99% used [0x00000000da080000,0x00000000da57e140,0x00000000da580000)
  to   space 5120K, 0% used [0x00000000d9b80000,0x00000000d9b80000,0x00000000da080000)
 ParOldGen       total 66048K, used 22286K [0x0000000082000000, 0x0000000086080000, 0x00000000d6000000)
  object space 66048K, 33% used [0x0000000082000000,0x00000000835c3a48,0x0000000086080000)
 Metaspace       used 31537K, capacity 33410K, committed 33664K, reserved 1079296K
  class space    used 4298K, capacity 4648K, committed 4736K, reserved 1048576K
Event: 10.621 GC heap after
Heap after GC invocations=6 (full 1):
 PSYoungGen      total 66048K, used 5101K [0x00000000d6000000, 0x00000000dc900000, 0x0000000100000000)
  eden space 60928K, 0% used [0x00000000d6000000,0x00000000d6000000,0x00000000d9b80000)
  from space 5120K, 99% used [0x00000000d9b80000,0x00000000da07b7e0,0x00000000da080000)
  to   space 13312K, 0% used [0x00000000dbc00000,0x00000000dbc00000,0x00000000dc900000)
 ParOldGen       total 66048K, used 22406K [0x0000000082000000, 0x0000000086080000, 0x00000000d6000000)
  object space 66048K, 33% used [0x0000000082000000,0x00000000835e1a48,0x0000000086080000)
 Metaspace       used 31537K, capacity 33410K, committed 33664K, reserved 1079296K
  class space    used 4298K, capacity 4648K, committed 4736K, reserved 1048576K
}
Event: 10.651 GC heap before
{Heap before GC invocations=7 (full 1):
 PSYoungGen      total 66048K, used 65998K [0x00000000d6000000, 0x00000000dc900000, 0x0000000100000000)
  eden space 60928K, 99% used [0x00000000d6000000,0x00000000d9b78280,0x00000000d9b80000)
  from space 5120K, 99% used [0x00000000d9b80000,0x00000000da07b7e0,0x00000000da080000)
  to   space 13312K, 0% used [0x00000000dbc00000,0x00000000dbc00000,0x00000000dc900000)
 ParOldGen       total 66048K, used 22406K [0x0000000082000000, 0x0000000086080000, 0x00000000d6000000)
  object space 66048K, 33% used [0x0000000082000000,0x00000000835e1a48,0x0000000086080000)
 Metaspace       used 31537K, capacity 33410K, committed 33664K, reserved 1079296K
  class space    used 4298K, capacity 4648K, committed 4736K, reserved 1048576K
Event: 10.656 GC heap after
Heap after GC invocations=7 (full 1):
 PSYoungGen      total 93696K, used 5289K [0x00000000d6000000, 0x00000000de980000, 0x0000000100000000)
  eden space 80384K, 0% used [0x00000000d6000000,0x00000000d6000000,0x00000000dae80000)
  from space 13312K, 39% used [0x00000000dbc00000,0x00000000dc12a518,0x00000000dc900000)
  to   space 13824K, 0% used [0x00000000dae80000,0x00000000dae80000,0x00000000dbc00000)
 ParOldGen       total 66048K, used 22406K [0x0000000082000000, 0x0000000086080000, 0x00000000d6000000)
  object space 66048K, 33% used [0x0000000082000000,0x00000000835e1a48,0x0000000086080000)
 Metaspace       used 31537K, capacity 33410K, committed 33664K, reserved 1079296K
  class space    used 4298K, capacity 4648K, committed 4736K, reserved 1048576K
}
Event: 10.672 GC heap before
{Heap before GC invocations=8 (full 1):
 PSYoungGen      total 93696K, used 85521K [0x00000000d6000000, 0x00000000de980000, 0x0000000100000000)
  eden space 80384K, 99% used [0x00000000d6000000,0x00000000dae5a080,0x00000000dae80000)
  from space 13312K, 39% used [0x00000000dbc00000,0x00000000dc12a518,0x00000000dc900000)
  to   space 13824K, 0% used [0x00000000dae80000,0x00000000dae80000,0x00000000dbc00000)
 ParOldGen       total 66048K, used 22406K [0x0000000082000000, 0x0000000086080000, 0x00000000d6000000)
  object space 66048K, 33% used [0x0000000082000000,0x00000000835e1a48,0x0000000086080000)
 Metaspace       used 31537K, capacity 33410K, committed 33664K, reserved 1079296K
  class space    used 4298K, capacity 4648K, committed 4736K, reserved 1048576K
Event: 10.677 GC heap after
Heap after GC invocations=8 (full 1):
 PSYoungGen      total 94208K, used 5296K [0x00000000d6000000, 0x00000000e1000000, 0x0000000100000000)
  eden space 80384K, 0% used [0x00000000d6000000,0x00000000d6000000,0x00000000dae80000)
  from space 13824K, 38% used [0x00000000dae80000,0x00000000db3ac0e8,0x00000000dbc00000)
  to   space 13824K, 0% used [0x00000000e0280000,0x00000000e0280000,0x00000000e1000000)
 ParOldGen       total 66048K, used 22406K [0x0000000082000000, 0x0000000086080000, 0x00000000d6000000)
  object space 66048K, 33% used [0x0000000082000000,0x00000000835e1a48,0x0000000086080000)
 Metaspace       used 31537K, capacity 33410K, committed 33664K, reserved 1079296K
  class space    used 4298K, capacity 4648K, committed 4736K, reserved 1048576K
}
Event: 10.785 GC heap before
{Heap before GC invocations=9 (full 1):
 PSYoungGen      total 94208K, used 85680K [0x00000000d6000000, 0x00000000e1000000, 0x0000000100000000)
  eden space 80384K, 100% used [0x00000000d6000000,0x00000000dae80000,0x00000000dae80000)
  from space 13824K, 38% used [0x00000000dae80000,0x00000000db3ac0e8,0x00000000dbc00000)
  to   space 13824K, 0% used [0x00000000e0280000,0x00000000e0280000,0x00000000e1000000)
 ParOldGen       total 66048K, used 22406K [0x0000000082000000, 0x0000000086080000, 0x00000000d6000000)
  object space 66048K, 33% used [0x0000000082000000,0x00000000835e1a48,0x0000000086080000)
 Metaspace       used 31870K, capacity 33730K, committed 33920K, reserved 1079296K
  class space    used 4332K, capacity 4688K, committed 4736K, reserved 1048576K
Event: 10.800 GC heap after
Heap after GC invocations=9 (full 1):
 PSYoungGen      total 165888K, used 1008K [0x00000000d6000000, 0x00000000e1100000, 0x0000000100000000)
  eden space 152064K, 0% used [0x00000000d6000000,0x00000000d6000000,0x00000000df480000)
  from space 13824K, 7% used [0x00000000e0280000,0x00000000e037c008,0x00000000e1000000)
  to   space 14336K, 0% used [0x00000000df480000,0x00000000df480000,0x00000000e0280000)
 ParOldGen       total 66048K, used 27376K [0x0000000082000000, 0x0000000086080000, 0x00000000d6000000)
  object space 66048K, 41% used [0x0000000082000000,0x0000000083abc138,0x0000000086080000)
 Metaspace       used 31870K, capacity 33730K, committed 33920K, reserved 1079296K
  class space    used 4332K, capacity 4688K, committed 4736K, reserved 1048576K
}

