# JRE version: Java(TM) SE Runtime Environment (8.0_144-b01) (build 1.8.0_144-b01)
# Java VM: Java HotSpot(TM) 64-Bit Server VM (25.144-b01 mixed mode windows-amd64 compressed oops)
Heap:
 PSYoungGen      total 141824K, used 61189K [0x00000000d6000000, 0x00000000dfa80000, 0x0000000100000000)
  eden space 129024K, 47% used [0x00000000d6000000,0x00000000d9b7d180,0x00000000dde00000)
  from space 12800K, 2% used [0x00000000deb80000,0x00000000debc4488,0x00000000df800000)
  to   space 13824K, 0% used [0x00000000dde00000,0x00000000dde00000,0x00000000deb80000)
 ParOldGen       total 71168K, used 26328K [0x0000000082000000, 0x0000000086580000, 0x00000000d6000000)
  object space 71168K, 36% used [0x0000000082000000,0x00000000839b6398,0x0000000086580000)
 Metaspace       used 31083K, capacity 32906K, committed 33024K, reserved 1077248K
  class space    used 4200K, capacity 4516K, committed 4608K, reserved 1048576K
GC Heap History (10 events):
Event: 8.772 GC heap before
{Heap before GC invocations=5 (full 1):
 PSYoungGen      total 37888K, used 37872K [0x00000000d6000000, 0x00000000d9100000, 0x0000000100000000)
  eden space 32768K, 99% used [0x00000000d6000000,0x00000000d7ffffe0,0x00000000d8000000)
  from space 5120K, 99% used [0x00000000d8000000,0x00000000d84fc020,0x00000000d8500000)
  to   space 5120K, 0% used [0x00000000d8c00000,0x00000000d8c00000,0x00000000d9100000)
 ParOldGen       total 71168K, used 16953K [0x0000000082000000, 0x0000000086580000, 0x00000000d6000000)
  object space 71168K, 23% used [0x0000000082000000,0x000000008308e5c0,0x0000000086580000)
 Metaspace       used 30215K, capacity 31922K, committed 32128K, reserved 1077248K
  class space    used 4090K, capacity 4388K, committed 4480K, reserved 1048576K
Event: 8.779 GC heap after
Heap after GC invocations=5 (full 1):
 PSYoungGen      total 44032K, used 5103K [0x00000000d6000000, 0x00000000d9100000, 0x0000000100000000)
  eden space 38912K, 0% used [0x00000000d6000000,0x00000000d6000000,0x00000000d8600000)
  from space 5120K, 99% used [0x00000000d8c00000,0x00000000d90fbe60,0x00000000d9100000)
  to   space 5120K, 0% used [0x00000000d8700000,0x00000000d8700000,0x00000000d8c00000)
 ParOldGen       total 71168K, used 21117K [0x0000000082000000, 0x0000000086580000, 0x00000000d6000000)
  object space 71168K, 29% used [0x0000000082000000,0x000000008349f540,0x0000000086580000)
 Metaspace       used 30215K, capacity 31922K, committed 32128K, reserved 1077248K
  class space    used 4090K, capacity 4388K, committed 4480K, reserved 1048576K
}
Event: 8.788 GC heap before
{Heap before GC invocations=6 (full 1):
 PSYoungGen      total 44032K, used 43978K [0x00000000d6000000, 0x00000000d9100000, 0x0000000100000000)
  eden space 38912K, 99% used [0x00000000d6000000,0x00000000d85f6a28,0x00000000d8600000)
  from space 5120K, 99% used [0x00000000d8c00000,0x00000000d90fbe60,0x00000000d9100000)
  to   space 5120K, 0% used [0x00000000d8700000,0x00000000d8700000,0x00000000d8c00000)
 ParOldGen       total 71168K, used 21117K [0x0000000082000000, 0x0000000086580000, 0x00000000d6000000)
  object space 71168K, 29% used [0x0000000082000000,0x000000008349f540,0x0000000086580000)
 Metaspace       used 30217K, capacity 31922K, committed 32128K, reserved 1077248K
  class space    used 4090K, capacity 4388K, committed 4480K, reserved 1048576K
Event: 8.793 GC heap after
Heap after GC invocations=6 (full 1):
 PSYoungGen      total 45056K, used 5103K [0x00000000d6000000, 0x00000000dbb80000, 0x0000000100000000)
  eden space 39936K, 0% used [0x00000000d6000000,0x00000000d6000000,0x00000000d8700000)
  from space 5120K, 99% used [0x00000000d8700000,0x00000000d8bfbe60,0x00000000d8c00000)
  to   space 12288K, 0% used [0x00000000daf80000,0x00000000daf80000,0x00000000dbb80000)
 ParOldGen       total 71168K, used 21231K [0x0000000082000000, 0x0000000086580000, 0x00000000d6000000)
  object space 71168K, 29% used [0x0000000082000000,0x00000000834bbd40,0x0000000086580000)
 Metaspace       used 30217K, capacity 31922K, committed 32128K, reserved 1077248K
  class space    used 4090K, capacity 4388K, committed 4480K, reserved 1048576K
}
Event: 8.799 GC heap before
{Heap before GC invocations=7 (full 1):
 PSYoungGen      total 45056K, used 44933K [0x00000000d6000000, 0x00000000dbb80000, 0x0000000100000000)
  eden space 39936K, 99% used [0x00000000d6000000,0x00000000d86e5650,0x00000000d8700000)
  from space 5120K, 99% used [0x00000000d8700000,0x00000000d8bfbe60,0x00000000d8c00000)
  to   space 12288K, 0% used [0x00000000daf80000,0x00000000daf80000,0x00000000dbb80000)
 ParOldGen       total 71168K, used 21231K [0x0000000082000000, 0x0000000086580000, 0x00000000d6000000)
  object space 71168K, 29% used [0x0000000082000000,0x00000000834bbd40,0x0000000086580000)
 Metaspace       used 30217K, capacity 31922K, committed 32128K, reserved 1077248K
  class space    used 4090K, capacity 4388K, committed 4480K, reserved 1048576K
Event: 8.809 GC heap after
Heap after GC invocations=7 (full 1):
 PSYoungGen      total 80896K, used 5262K [0x00000000d6000000, 0x00000000dc380000, 0x0000000100000000)
  eden space 68608K, 0% used [0x00000000d6000000,0x00000000d6000000,0x00000000da300000)
  from space 12288K, 42% used [0x00000000daf80000,0x00000000db4a3a50,0x00000000dbb80000)
  to   space 12800K, 0% used [0x00000000da300000,0x00000000da300000,0x00000000daf80000)
 ParOldGen       total 71168K, used 21231K [0x0000000082000000, 0x0000000086580000, 0x00000000d6000000)
  object space 71168K, 29% used [0x0000000082000000,0x00000000834bbd40,0x0000000086580000)
 Metaspace       used 30217K, capacity 31922K, committed 32128K, reserved 1077248K
  class space    used 4090K, capacity 4388K, committed 4480K, reserved 1048576K
}
Event: 8.827 GC heap before
{Heap before GC invocations=8 (full 1):
 PSYoungGen      total 80896K, used 73845K [0x00000000d6000000, 0x00000000dc380000, 0x0000000100000000)
  eden space 68608K, 99% used [0x00000000d6000000,0x00000000da2f9b80,0x00000000da300000)
  from space 12288K, 42% used [0x00000000daf80000,0x00000000db4a3a50,0x00000000dbb80000)
  to   space 12800K, 0% used [0x00000000da300000,0x00000000da300000,0x00000000daf80000)
 ParOldGen       total 71168K, used 21231K [0x0000000082000000, 0x0000000086580000, 0x00000000d6000000)
  object space 71168K, 29% used [0x0000000082000000,0x00000000834bbd40,0x0000000086580000)
 Metaspace       used 30217K, capacity 31922K, committed 32128K, reserved 1077248K
  class space    used 4090K, capacity 4388K, committed 4480K, reserved 1048576K
Event: 8.832 GC heap after
Heap after GC invocations=8 (full 1):
 PSYoungGen      total 81408K, used 5347K [0x00000000d6000000, 0x00000000df800000, 0x0000000100000000)
  eden space 68608K, 0% used [0x00000000d6000000,0x00000000d6000000,0x00000000da300000)
  from space 12800K, 41% used [0x00000000da300000,0x00000000da838d58,0x00000000daf80000)
  to   space 12800K, 0% used [0x00000000deb80000,0x00000000deb80000,0x00000000df800000)
 ParOldGen       total 71168K, used 21231K [0x0000000082000000, 0x0000000086580000, 0x00000000d6000000)
  object space 71168K, 29% used [0x0000000082000000,0x00000000834bbd40,0x0000000086580000)
 Metaspace       used 30217K, capacity 31922K, committed 32128K, reserved 1077248K
  class space    used 4090K, capacity 4388K, committed 4480K, reserved 1048576K
}
Event: 8.842 GC heap before
{Heap before GC invocations=9 (full 1):
 PSYoungGen      total 81408K, used 73866K [0x00000000d6000000, 0x00000000df800000, 0x0000000100000000)
  eden space 68608K, 99% used [0x00000000d6000000,0x00000000da2e9ca8,0x00000000da300000)
  from space 12800K, 41% used [0x00000000da300000,0x00000000da838d58,0x00000000daf80000)
  to   space 12800K, 0% used [0x00000000deb80000,0x00000000deb80000,0x00000000df800000)
 ParOldGen       total 71168K, used 21231K [0x0000000082000000, 0x0000000086580000, 0x00000000d6000000)
  object space 71168K, 29% used [0x0000000082000000,0x00000000834bbd40,0x0000000086580000)
 Metaspace       used 30217K, capacity 31922K, committed 32128K, reserved 1077248K
  class space    used 4090K, capacity 4388K, committed 4480K, reserved 1048576K
Event: 8.846 GC heap after
Heap after GC invocations=9 (full 1):
 PSYoungGen      total 141824K, used 273K [0x00000000d6000000, 0x00000000dfa80000, 0x0000000100000000)
  eden space 129024K, 0% used [0x00000000d6000000,0x00000000d6000000,0x00000000dde00000)
  from space 12800K, 2% used [0x00000000deb80000,0x00000000debc4488,0x00000000df800000)
  to   space 13824K, 0% used [0x00000000dde00000,0x00000000dde00000,0x00000000deb80000)
 ParOldGen       total 71168K, used 26328K [0x0000000082000000, 0x0000000086580000, 0x00000000d6000000)
  object space 71168K, 36% used [0x0000000082000000,0x00000000839b6398,0x0000000086580000)
 Metaspace       used 30217K, capacity 31922K, committed 32128K, reserved 1077248K
  class space    used 4090K, capacity 4388K, committed 4480K, reserved 1048576K
}

