# JRE version: Java(TM) SE Runtime Environment (8.0_144-b01) (build 1.8.0_144-b01)
# Java VM: Java HotSpot(TM) 64-Bit Server VM (25.144-b01 mixed mode windows-amd64 compressed oops)
Heap:
 PSYoungGen      total 110080K, used 9168K [0x00000000d6000000, 0x00000000e0d80000, 0x0000000100000000)
  eden space 98304K, 8% used [0x00000000d6000000,0x00000000d682ca00,0x00000000dc000000)
  from space 11776K, 6% used [0x00000000dc000000,0x00000000dc0c7978,0x00000000dcb80000)
  to   space 12288K, 0% used [0x00000000e0180000,0x00000000e0180000,0x00000000e0d80000)
 ParOldGen       total 67584K, used 26266K [0x0000000082000000, 0x0000000086200000, 0x00000000d6000000)
  object space 67584K, 38% used [0x0000000082000000,0x00000000839a6b90,0x0000000086200000)
 Metaspace       used 32643K, capacity 34468K, committed 34688K, reserved 1079296K
  class space    used 4356K, capacity 4707K, committed 4736K, reserved 1048576K
GC Heap History (10 events):
Event: 48.631 GC heap before
{Heap before GC invocations=6 (full 1):
 PSYoungGen      total 46592K, used 46546K [0x00000000d6000000, 0x00000000d9400000, 0x0000000100000000)
  eden space 41472K, 99% used [0x00000000d6000000,0x00000000d887c240,0x00000000d8880000)
  from space 5120K, 99% used [0x00000000d8f00000,0x00000000d93f88e0,0x00000000d9400000)
  to   space 5120K, 0% used [0x00000000d8a00000,0x00000000d8a00000,0x00000000d8f00000)
 ParOldGen       total 67584K, used 18315K [0x0000000082000000, 0x0000000086200000, 0x00000000d6000000)
  object space 67584K, 27% used [0x0000000082000000,0x00000000831e2fc0,0x0000000086200000)
 Metaspace       used 32191K, capacity 34074K, committed 34432K, reserved 1079296K
  class space    used 4313K, capacity 4666K, committed 4736K, reserved 1048576K
Event: 48.645 GC heap after
Heap after GC invocations=6 (full 1):
 PSYoungGen      total 48128K, used 5106K [0x00000000d6000000, 0x00000000da700000, 0x0000000100000000)
  eden space 43008K, 0% used [0x00000000d6000000,0x00000000d6000000,0x00000000d8a00000)
  from space 5120K, 99% used [0x00000000d8a00000,0x00000000d8efc8e0,0x00000000d8f00000)
  to   space 10240K, 0% used [0x00000000d9d00000,0x00000000d9d00000,0x00000000da700000)
 ParOldGen       total 67584K, used 21082K [0x0000000082000000, 0x0000000086200000, 0x00000000d6000000)
  object space 67584K, 31% used [0x0000000082000000,0x0000000083496ab8,0x0000000086200000)
 Metaspace       used 32191K, capacity 34074K, committed 34432K, reserved 1079296K
  class space    used 4313K, capacity 4666K, committed 4736K, reserved 1048576K
}
Event: 48.658 GC heap before
{Heap before GC invocations=7 (full 1):
 PSYoungGen      total 48128K, used 48095K [0x00000000d6000000, 0x00000000da700000, 0x0000000100000000)
  eden space 43008K, 99% used [0x00000000d6000000,0x00000000d89fb708,0x00000000d8a00000)
  from space 5120K, 99% used [0x00000000d8a00000,0x00000000d8efc8e0,0x00000000d8f00000)
  to   space 10240K, 0% used [0x00000000d9d00000,0x00000000d9d00000,0x00000000da700000)
 ParOldGen       total 67584K, used 21082K [0x0000000082000000, 0x0000000086200000, 0x00000000d6000000)
  object space 67584K, 31% used [0x0000000082000000,0x0000000083496ab8,0x0000000086200000)
 Metaspace       used 32191K, capacity 34074K, committed 34432K, reserved 1079296K
  class space    used 4313K, capacity 4666K, committed 4736K, reserved 1048576K
Event: 48.663 GC heap after
Heap after GC invocations=7 (full 1):
 PSYoungGen      total 61952K, used 5344K [0x00000000d6000000, 0x00000000dc280000, 0x0000000100000000)
  eden space 51712K, 0% used [0x00000000d6000000,0x00000000d6000000,0x00000000d9280000)
  from space 10240K, 52% used [0x00000000d9d00000,0x00000000da2381b8,0x00000000da700000)
  to   space 10752K, 0% used [0x00000000d9280000,0x00000000d9280000,0x00000000d9d00000)
 ParOldGen       total 67584K, used 21090K [0x0000000082000000, 0x0000000086200000, 0x00000000d6000000)
  object space 67584K, 31% used [0x0000000082000000,0x0000000083498ab8,0x0000000086200000)
 Metaspace       used 32191K, capacity 34074K, committed 34432K, reserved 1079296K
  class space    used 4313K, capacity 4666K, committed 4736K, reserved 1048576K
}
Event: 48.671 GC heap before
{Heap before GC invocations=8 (full 1):
 PSYoungGen      total 61952K, used 56961K [0x00000000d6000000, 0x00000000dc280000, 0x0000000100000000)
  eden space 51712K, 99% used [0x00000000d6000000,0x00000000d9268330,0x00000000d9280000)
  from space 10240K, 52% used [0x00000000d9d00000,0x00000000da2381b8,0x00000000da700000)
  to   space 10752K, 0% used [0x00000000d9280000,0x00000000d9280000,0x00000000d9d00000)
 ParOldGen       total 67584K, used 21090K [0x0000000082000000, 0x0000000086200000, 0x00000000d6000000)
  object space 67584K, 31% used [0x0000000082000000,0x0000000083498ab8,0x0000000086200000)
 Metaspace       used 32191K, capacity 34074K, committed 34432K, reserved 1079296K
  class space    used 4313K, capacity 4666K, committed 4736K, reserved 1048576K
Event: 48.675 GC heap after
Heap after GC invocations=8 (full 1):
 PSYoungGen      total 62464K, used 5472K [0x00000000d6000000, 0x00000000dd600000, 0x0000000100000000)
  eden space 51712K, 0% used [0x00000000d6000000,0x00000000d6000000,0x00000000d9280000)
  from space 10752K, 50% used [0x00000000d9280000,0x00000000d97d82c0,0x00000000d9d00000)
  to   space 10752K, 0% used [0x00000000dcb80000,0x00000000dcb80000,0x00000000dd600000)
 ParOldGen       total 67584K, used 21090K [0x0000000082000000, 0x0000000086200000, 0x00000000d6000000)
  object space 67584K, 31% used [0x0000000082000000,0x0000000083498ab8,0x0000000086200000)
 Metaspace       used 32191K, capacity 34074K, committed 34432K, reserved 1079296K
  class space    used 4313K, capacity 4666K, committed 4736K, reserved 1048576K
}
Event: 48.683 GC heap before
{Heap before GC invocations=9 (full 1):
 PSYoungGen      total 62464K, used 57138K [0x00000000d6000000, 0x00000000dd600000, 0x0000000100000000)
  eden space 51712K, 99% used [0x00000000d6000000,0x00000000d9274588,0x00000000d9280000)
  from space 10752K, 50% used [0x00000000d9280000,0x00000000d97d82c0,0x00000000d9d00000)
  to   space 10752K, 0% used [0x00000000dcb80000,0x00000000dcb80000,0x00000000dd600000)
 ParOldGen       total 67584K, used 21090K [0x0000000082000000, 0x0000000086200000, 0x00000000d6000000)
  object space 67584K, 31% used [0x0000000082000000,0x0000000083498ab8,0x0000000086200000)
 Metaspace       used 32191K, capacity 34074K, committed 34432K, reserved 1079296K
  class space    used 4313K, capacity 4666K, committed 4736K, reserved 1048576K
Event: 48.687 GC heap after
Heap after GC invocations=9 (full 1):
 PSYoungGen      total 109056K, used 1018K [0x00000000d6000000, 0x00000000dd900000, 0x0000000100000000)
  eden space 98304K, 0% used [0x00000000d6000000,0x00000000d6000000,0x00000000dc000000)
  from space 10752K, 9% used [0x00000000dcb80000,0x00000000dcc7e810,0x00000000dd600000)
  to   space 11776K, 0% used [0x00000000dc000000,0x00000000dc000000,0x00000000dcb80000)
 ParOldGen       total 67584K, used 25538K [0x0000000082000000, 0x0000000086200000, 0x00000000d6000000)
  object space 67584K, 37% used [0x0000000082000000,0x00000000838f0b80,0x0000000086200000)
 Metaspace       used 32191K, capacity 34074K, committed 34432K, reserved 1079296K
  class space    used 4313K, capacity 4666K, committed 4736K, reserved 1048576K
}
Event: 49.373 GC heap before
{Heap before GC invocations=10 (full 1):
 PSYoungGen      total 109056K, used 99322K [0x00000000d6000000, 0x00000000dd900000, 0x0000000100000000)
  eden space 98304K, 100% used [0x00000000d6000000,0x00000000dc000000,0x00000000dc000000)
  from space 10752K, 9% used [0x00000000dcb80000,0x00000000dcc7e810,0x00000000dd600000)
  to   space 11776K, 0% used [0x00000000dc000000,0x00000000dc000000,0x00000000dcb80000)
 ParOldGen       total 67584K, used 25538K [0x0000000082000000, 0x0000000086200000, 0x00000000d6000000)
  object space 67584K, 37% used [0x0000000082000000,0x00000000838f0b80,0x0000000086200000)
 Metaspace       used 32518K, capacity 34398K, committed 34688K, reserved 1079296K
  class space    used 4347K, capacity 4706K, committed 4736K, reserved 1048576K
Event: 49.378 GC heap after
Heap after GC invocations=10 (full 1):
 PSYoungGen      total 110080K, used 798K [0x00000000d6000000, 0x00000000e0d80000, 0x0000000100000000)
  eden space 98304K, 0% used [0x00000000d6000000,0x00000000d6000000,0x00000000dc000000)
  from space 11776K, 6% used [0x00000000dc000000,0x00000000dc0c7978,0x00000000dcb80000)
  to   space 12288K, 0% used [0x00000000e0180000,0x00000000e0180000,0x00000000e0d80000)
 ParOldGen       total 67584K, used 26266K [0x0000000082000000, 0x0000000086200000, 0x00000000d6000000)
  object space 67584K, 38% used [0x0000000082000000,0x00000000839a6b90,0x0000000086200000)
 Metaspace       used 32518K, capacity 34398K, committed 34688K, reserved 1079296K
  class space    used 4347K, capacity 4706K, committed 4736K, reserved 1048576K
}

