# JRE version: Java(TM) SE Runtime Environment (8.0_144-b01) (build 1.8.0_144-b01)
# Java VM: Java HotSpot(TM) 64-Bit Server VM (25.144-b01 mixed mode windows-amd64 compressed oops)
Heap:
 PSYoungGen      total 131584K, used 82523K [0x00000000d6000000, 0x00000000df100000, 0x0000000100000000)
  eden space 119296K, 68% used [0x00000000d6000000,0x00000000db044040,0x00000000dd480000)
  from space 12288K, 2% used [0x00000000de180000,0x00000000de1d2d30,0x00000000ded80000)
  to   space 13312K, 0% used [0x00000000dd480000,0x00000000dd480000,0x00000000de180000)
 ParOldGen       total 72192K, used 25948K [0x0000000082000000, 0x0000000086680000, 0x00000000d6000000)
  object space 72192K, 35% used [0x0000000082000000,0x0000000083957030,0x0000000086680000)
 Metaspace       used 32682K, capacity 34592K, committed 34816K, reserved 1079296K
  class space    used 4424K, capacity 4785K, committed 4864K, reserved 1048576K
GC Heap History (10 events):
Event: 21.775 GC heap before
{Heap before GC invocations=5 (full 1):
 PSYoungGen      total 37888K, used 37871K [0x00000000d6000000, 0x00000000d9100000, 0x0000000100000000)
  eden space 32768K, 99% used [0x00000000d6000000,0x00000000d7fff6c0,0x00000000d8000000)
  from space 5120K, 99% used [0x00000000d8000000,0x00000000d84fc690,0x00000000d8500000)
  to   space 5120K, 0% used [0x00000000d8c00000,0x00000000d8c00000,0x00000000d9100000)
 ParOldGen       total 72192K, used 15506K [0x0000000082000000, 0x0000000086680000, 0x00000000d6000000)
  object space 72192K, 21% used [0x0000000082000000,0x0000000082f24808,0x0000000086680000)
 Metaspace       used 32076K, capacity 33994K, committed 34304K, reserved 1079296K
  class space    used 4374K, capacity 4740K, committed 4864K, reserved 1048576K
Event: 21.791 GC heap after
Heap after GC invocations=5 (full 1):
 PSYoungGen      total 44032K, used 5119K [0x00000000d6000000, 0x00000000d9100000, 0x0000000100000000)
  eden space 38912K, 0% used [0x00000000d6000000,0x00000000d6000000,0x00000000d8600000)
  from space 5120K, 99% used [0x00000000d8c00000,0x00000000d90ffe80,0x00000000d9100000)
  to   space 5120K, 0% used [0x00000000d8700000,0x00000000d8700000,0x00000000d8c00000)
 ParOldGen       total 72192K, used 20760K [0x0000000082000000, 0x0000000086680000, 0x00000000d6000000)
  object space 72192K, 28% used [0x0000000082000000,0x00000000834462f8,0x0000000086680000)
 Metaspace       used 32076K, capacity 33994K, committed 34304K, reserved 1079296K
  class space    used 4374K, capacity 4740K, committed 4864K, reserved 1048576K
}
Event: 21.806 GC heap before
{Heap before GC invocations=6 (full 1):
 PSYoungGen      total 44032K, used 43979K [0x00000000d6000000, 0x00000000d9100000, 0x0000000100000000)
  eden space 38912K, 99% used [0x00000000d6000000,0x00000000d85f3060,0x00000000d8600000)
  from space 5120K, 99% used [0x00000000d8c00000,0x00000000d90ffe80,0x00000000d9100000)
  to   space 5120K, 0% used [0x00000000d8700000,0x00000000d8700000,0x00000000d8c00000)
 ParOldGen       total 72192K, used 20760K [0x0000000082000000, 0x0000000086680000, 0x00000000d6000000)
  object space 72192K, 28% used [0x0000000082000000,0x00000000834462f8,0x0000000086680000)
 Metaspace       used 32101K, capacity 33996K, committed 34304K, reserved 1079296K
  class space    used 4376K, capacity 4741K, committed 4864K, reserved 1048576K
Event: 21.810 GC heap after
Heap after GC invocations=6 (full 1):
 PSYoungGen      total 45056K, used 5114K [0x00000000d6000000, 0x00000000db780000, 0x0000000100000000)
  eden space 39936K, 0% used [0x00000000d6000000,0x00000000d6000000,0x00000000d8700000)
  from space 5120K, 99% used [0x00000000d8700000,0x00000000d8bfe9c0,0x00000000d8c00000)
  to   space 12288K, 0% used [0x00000000dab80000,0x00000000dab80000,0x00000000db780000)
 ParOldGen       total 72192K, used 20904K [0x0000000082000000, 0x0000000086680000, 0x00000000d6000000)
  object space 72192K, 28% used [0x0000000082000000,0x000000008346a2f8,0x0000000086680000)
 Metaspace       used 32101K, capacity 33996K, committed 34304K, reserved 1079296K
  class space    used 4376K, capacity 4741K, committed 4864K, reserved 1048576K
}
Event: 21.818 GC heap before
{Heap before GC invocations=7 (full 1):
 PSYoungGen      total 45056K, used 45015K [0x00000000d6000000, 0x00000000db780000, 0x0000000100000000)
  eden space 39936K, 99% used [0x00000000d6000000,0x00000000d86f7448,0x00000000d8700000)
  from space 5120K, 99% used [0x00000000d8700000,0x00000000d8bfe9c0,0x00000000d8c00000)
  to   space 12288K, 0% used [0x00000000dab80000,0x00000000dab80000,0x00000000db780000)
 ParOldGen       total 72192K, used 20904K [0x0000000082000000, 0x0000000086680000, 0x00000000d6000000)
  object space 72192K, 28% used [0x0000000082000000,0x000000008346a2f8,0x0000000086680000)
 Metaspace       used 32102K, capacity 34060K, committed 34304K, reserved 1079296K
  class space    used 4376K, capacity 4741K, committed 4864K, reserved 1048576K
Event: 21.823 GC heap after
Heap after GC invocations=7 (full 1):
 PSYoungGen      total 77312K, used 5209K [0x00000000d6000000, 0x00000000dbf80000, 0x0000000100000000)
  eden space 65024K, 0% used [0x00000000d6000000,0x00000000d6000000,0x00000000d9f80000)
  from space 12288K, 42% used [0x00000000dab80000,0x00000000db096538,0x00000000db780000)
  to   space 12288K, 0% used [0x00000000d9f80000,0x00000000d9f80000,0x00000000dab80000)
 ParOldGen       total 72192K, used 20912K [0x0000000082000000, 0x0000000086680000, 0x00000000d6000000)
  object space 72192K, 28% used [0x0000000082000000,0x000000008346c2f8,0x0000000086680000)
 Metaspace       used 32102K, capacity 34060K, committed 34304K, reserved 1079296K
  class space    used 4376K, capacity 4741K, committed 4864K, reserved 1048576K
}
Event: 21.839 GC heap before
{Heap before GC invocations=8 (full 1):
 PSYoungGen      total 77312K, used 70212K [0x00000000d6000000, 0x00000000dbf80000, 0x0000000100000000)
  eden space 65024K, 99% used [0x00000000d6000000,0x00000000d9f7ab58,0x00000000d9f80000)
  from space 12288K, 42% used [0x00000000dab80000,0x00000000db096538,0x00000000db780000)
  to   space 12288K, 0% used [0x00000000d9f80000,0x00000000d9f80000,0x00000000dab80000)
 ParOldGen       total 72192K, used 20912K [0x0000000082000000, 0x0000000086680000, 0x00000000d6000000)
  object space 72192K, 28% used [0x0000000082000000,0x000000008346c2f8,0x0000000086680000)
 Metaspace       used 32102K, capacity 34060K, committed 34304K, reserved 1079296K
  class space    used 4376K, capacity 4741K, committed 4864K, reserved 1048576K
Event: 21.844 GC heap after
Heap after GC invocations=8 (full 1):
 PSYoungGen      total 77312K, used 5278K [0x00000000d6000000, 0x00000000ded80000, 0x0000000100000000)
  eden space 65024K, 0% used [0x00000000d6000000,0x00000000d6000000,0x00000000d9f80000)
  from space 12288K, 42% used [0x00000000d9f80000,0x00000000da4a7850,0x00000000dab80000)
  to   space 12288K, 0% used [0x00000000de180000,0x00000000de180000,0x00000000ded80000)
 ParOldGen       total 72192K, used 20912K [0x0000000082000000, 0x0000000086680000, 0x00000000d6000000)
  object space 72192K, 28% used [0x0000000082000000,0x000000008346c2f8,0x0000000086680000)
 Metaspace       used 32102K, capacity 34060K, committed 34304K, reserved 1079296K
  class space    used 4376K, capacity 4741K, committed 4864K, reserved 1048576K
}
Event: 21.853 GC heap before
{Heap before GC invocations=9 (full 1):
 PSYoungGen      total 77312K, used 70257K [0x00000000d6000000, 0x00000000ded80000, 0x0000000100000000)
  eden space 65024K, 99% used [0x00000000d6000000,0x00000000d9f74f68,0x00000000d9f80000)
  from space 12288K, 42% used [0x00000000d9f80000,0x00000000da4a7850,0x00000000dab80000)
  to   space 12288K, 0% used [0x00000000de180000,0x00000000de180000,0x00000000ded80000)
 ParOldGen       total 72192K, used 20912K [0x0000000082000000, 0x0000000086680000, 0x00000000d6000000)
  object space 72192K, 28% used [0x0000000082000000,0x000000008346c2f8,0x0000000086680000)
 Metaspace       used 32102K, capacity 34060K, committed 34304K, reserved 1079296K
  class space    used 4376K, capacity 4741K, committed 4864K, reserved 1048576K
Event: 21.857 GC heap after
Heap after GC invocations=9 (full 1):
 PSYoungGen      total 131584K, used 331K [0x00000000d6000000, 0x00000000df100000, 0x0000000100000000)
  eden space 119296K, 0% used [0x00000000d6000000,0x00000000d6000000,0x00000000dd480000)
  from space 12288K, 2% used [0x00000000de180000,0x00000000de1d2d30,0x00000000ded80000)
  to   space 13312K, 0% used [0x00000000dd480000,0x00000000dd480000,0x00000000de180000)
 ParOldGen       total 72192K, used 25948K [0x0000000082000000, 0x0000000086680000, 0x00000000d6000000)
  object space 72192K, 35% used [0x0000000082000000,0x0000000083957030,0x0000000086680000)
 Metaspace       used 32102K, capacity 34060K, committed 34304K, reserved 1079296K
  class space    used 4376K, capacity 4741K, committed 4864K, reserved 1048576K
}

